<?xml version="1.0" encoding="UTF-8" ?>
<testsuite tests="25" failures="0" name="hellocuke.RunCucumberTest" time="0.444" errors="0" skipped="25">
  <properties>
[...]
</properties>
  <testcase classname="Frequent flier status" name="Earning extra points by Frequent Flyer status" time="0.025">
    <skipped/>
    <system-out>Feature: Frequent flier status
    The currency fliers care most about

  Scenario Outline: Earning extra points by Frequent Flyer status &amp;#27;[90m# hellocuke/frequentflier.feature:4&amp;#27;[0m
    &amp;#27;[36mGiven I am a &lt;status&gt; Frequent Flyer member&amp;#27;[0m
    &amp;#27;[36mWhen I fly on a flight that is worth &lt;base&gt; base points&amp;#27;[0m
    &amp;#27;[36mThen I should earn a status bonus of &lt;bonus&gt;&amp;#27;[0m
    &amp;#27;[36mAnd I should have guaranteed minimum points of &lt;minimum&gt;&amp;#27;[0m
    &amp;#27;[36mAnd I should earn &lt;total&gt; points in all&amp;#27;[0m

    Examples: 

  Scenario Outline: Earning extra points by Frequent Flyer status &amp;#27;[90m# hellocuke/frequentflier.feature:13&amp;#27;[0m
    &amp;#27;[33mGiven &amp;#27;[0m&amp;#27;[33mI am a Standard Frequent Flyer member&amp;#27;[0m                   &amp;#27;[90m# null&amp;#27;[0m
    &amp;#27;[33mWhen &amp;#27;[0m&amp;#27;[33mI fly on a flight that is worth 439 base points&amp;#27;[0m          &amp;#27;[90m# null&amp;#27;[0m
    &amp;#27;[33mThen &amp;#27;[0m&amp;#27;[33mI should earn a status bonus of 0&amp;#27;[0m                        &amp;#27;[90m# null&amp;#27;[0m
    &amp;#27;[33mAnd &amp;#27;[0m&amp;#27;[33mI should have guaranteed minimum points of 0&amp;#27;[0m              &amp;#27;[90m# null&amp;#27;[0m
    &amp;#27;[33mAnd &amp;#27;[0m&amp;#27;[33mI should earn 439 points in all&amp;#27;[0m                           &amp;#27;[90m# null&amp;#27;[0m
</system-out>
  </testcase>
  <testcase classname="Frequent flier status" name="Earning extra points by Frequent Flyer status" time="0.025">
    <skipped/>
  </testcase>
  <testcase classname="Frequent flier status" name="Earning extra points by Frequent Flyer status" time="0.025">
    <skipped/>
  </testcase>
  <testcase classname="Frequent flier status" name="Earning extra points by Frequent Flyer status" time="0.025">
    <skipped/>
  </testcase>
  <testcase classname="Frequent flier status" name="Earning extra points by Frequent Flyer status" time="0.025">
    <skipped/>
  </testcase>
  <testcase classname="Frequent flier status" name="Earning extra points by Frequent Flyer status" time="0.028">
    <skipped/>
    <system-out>
  Scenario Outline: Earning extra points by Frequent Flyer status &amp;#27;[90m# hellocuke/frequentflier.feature:14&amp;#27;[0m
    &amp;#27;[33mGiven &amp;#27;[0m&amp;#27;[33mI am a Silver Frequent Flyer member&amp;#27;[0m                     &amp;#27;[90m# null&amp;#27;[0m
    &amp;#27;[33mWhen &amp;#27;[0m&amp;#27;[33mI fly on a flight that is worth 148 base points&amp;#27;[0m          &amp;#27;[90m# null&amp;#27;[0m
    &amp;#27;[33mThen &amp;#27;[0m&amp;#27;[33mI should earn a status bonus of 74&amp;#27;[0m                       &amp;#27;[90m# null&amp;#27;[0m
    &amp;#27;[33mAnd &amp;#27;[0m&amp;#27;[33mI should have guaranteed minimum points of 500&amp;#27;[0m            &amp;#27;[90m# null&amp;#27;[0m
    &amp;#27;[33mAnd &amp;#27;[0m&amp;#27;[33mI should earn 500 points in all&amp;#27;[0m                           &amp;#27;[90m# null&amp;#27;[0m
</system-out>
  </testcase>
  <testcase classname="Frequent flier status" name="Earning extra points by Frequent Flyer status" time="0.028">
    <skipped/>
  </testcase>
  <testcase classname="Frequent flier status" name="Earning extra points by Frequent Flyer status" time="0.029">
    <skipped/>
  </testcase>
  <testcase classname="Frequent flier status" name="Earning extra points by Frequent Flyer status" time="0.029">
    <skipped/>
  </testcase>
  <testcase classname="Frequent flier status" name="Earning extra points by Frequent Flyer status" time="0.029">
    <skipped/>
  </testcase>
  <testcase classname="Frequent flier status" name="Earning extra points by Frequent Flyer status" time="0.005">
    <skipped/>
    <system-out>
  Scenario Outline: Earning extra points by Frequent Flyer status &amp;#27;[90m# hellocuke/frequentflier.feature:15&amp;#27;[0m
    &amp;#27;[33mGiven &amp;#27;[0m&amp;#27;[33mI am a Silver Frequent Flyer member&amp;#27;[0m                     &amp;#27;[90m# null&amp;#27;[0m
    &amp;#27;[33mWhen &amp;#27;[0m&amp;#27;[33mI fly on a flight that is worth 439 base points&amp;#27;[0m          &amp;#27;[90m# null&amp;#27;[0m
    &amp;#27;[33mThen &amp;#27;[0m&amp;#27;[33mI should earn a status bonus of 220&amp;#27;[0m                      &amp;#27;[90m# null&amp;#27;[0m
    &amp;#27;[33mAnd &amp;#27;[0m&amp;#27;[33mI should have guaranteed minimum points of 500&amp;#27;[0m            &amp;#27;[90m# null&amp;#27;[0m
    &amp;#27;[33mAnd &amp;#27;[0m&amp;#27;[33mI should earn 659 points in all&amp;#27;[0m                           &amp;#27;[90m# null&amp;#27;[0m
</system-out>
  </testcase>
  <testcase classname="Frequent flier status" name="Earning extra points by Frequent Flyer status" time="0.005">
    <skipped/>
  </testcase>
  <testcase classname="Frequent flier status" name="Earning extra points by Frequent Flyer status" time="0.005">
    <skipped/>
  </testcase>
  <testcase classname="Frequent flier status" name="Earning extra points by Frequent Flyer status" time="0.006">
    <skipped/>
  </testcase>
  <testcase classname="Frequent flier status" name="Earning extra points by Frequent Flyer status" time="0.006">
    <skipped/>
  </testcase>
  <testcase classname="Frequent flier status" name="Earning extra points by Frequent Flyer status" time="0.01">
    <skipped/>
    <system-out>
  Scenario Outline: Earning extra points by Frequent Flyer status &amp;#27;[90m# hellocuke/frequentflier.feature:16&amp;#27;[0m
    &amp;#27;[33mGiven &amp;#27;[0m&amp;#27;[33mI am a Gold Frequent Flyer member&amp;#27;[0m                       &amp;#27;[90m# null&amp;#27;[0m
    &amp;#27;[33mWhen &amp;#27;[0m&amp;#27;[33mI fly on a flight that is worth 439 base points&amp;#27;[0m          &amp;#27;[90m# null&amp;#27;[0m
    &amp;#27;[33mThen &amp;#27;[0m&amp;#27;[33mI should earn a status bonus of 329&amp;#27;[0m                      &amp;#27;[90m# null&amp;#27;[0m
    &amp;#27;[33mAnd &amp;#27;[0m&amp;#27;[33mI should have guaranteed minimum points of 1000&amp;#27;[0m           &amp;#27;[90m# null&amp;#27;[0m
    &amp;#27;[33mAnd &amp;#27;[0m&amp;#27;[33mI should earn 1000 points in all&amp;#27;[0m                          &amp;#27;[90m# null&amp;#27;[0m
</system-out>
  </testcase>
  <testcase classname="Frequent flier status" name="Earning extra points by Frequent Flyer status" time="0.01">
    <skipped/>
  </testcase>
  <testcase classname="Frequent flier status" name="Earning extra points by Frequent Flyer status" time="0.021">
    <skipped/>
  </testcase>
  <testcase classname="Frequent flier status" name="Earning extra points by Frequent Flyer status" time="0.021">
    <skipped/>
  </testcase>
  <testcase classname="Frequent flier status" name="Earning extra points by Frequent Flyer status" time="0.021">
    <skipped/>
  </testcase>
  <testcase classname="Frequent flier status" name="Earning extra points by Frequent Flyer status" time="0.012">
    <skipped/>
    <system-out>
  Scenario Outline: Earning extra points by Frequent Flyer status &amp;#27;[90m# hellocuke/frequentflier.feature:17&amp;#27;[0m
    &amp;#27;[33mGiven &amp;#27;[0m&amp;#27;[33mI am a Gold Frequent Flyer member&amp;#27;[0m                       &amp;#27;[90m# null&amp;#27;[0m
    &amp;#27;[33mWhen &amp;#27;[0m&amp;#27;[33mI fly on a flight that is worth 2041 base points&amp;#27;[0m         &amp;#27;[90m# null&amp;#27;[0m
    &amp;#27;[33mThen &amp;#27;[0m&amp;#27;[33mI should earn a status bonus of 1531&amp;#27;[0m                     &amp;#27;[90m# null&amp;#27;[0m
    &amp;#27;[33mAnd &amp;#27;[0m&amp;#27;[33mI should have guaranteed minimum points of 1000&amp;#27;[0m           &amp;#27;[90m# null&amp;#27;[0m
    &amp;#27;[33mAnd &amp;#27;[0m&amp;#27;[33mI should earn 3572 points in all&amp;#27;[0m                          &amp;#27;[90m# null&amp;#27;[0m
</system-out>
  </testcase>
  <testcase classname="Frequent flier status" name="Earning extra points by Frequent Flyer status" time="0.013">
    <skipped/>
  </testcase>
  <testcase classname="Frequent flier status" name="Earning extra points by Frequent Flyer status" time="0.013">
    <skipped/>
  </testcase>
  <testcase classname="Frequent flier status" name="Earning extra points by Frequent Flyer status" time="0.014">
    <skipped/>
  </testcase>
  <testcase classname="Frequent flier status" name="Earning extra points by Frequent Flyer status" time="0.014">
    <skipped/>
  </testcase>
</testsuite>